<?xml version="1.0" encoding="UTF-8"?>
<testng-results skipped="0" failed="0" ignored="0" total="5" passed="5">
  <reporter-output>
  </reporter-output>
  <suite name="Default suite" duration-ms="239" started-at="2017-12-31T18:09:48Z" finished-at="2017-12-31T18:09:48Z">
    <groups>
    </groups>
    <test name="Default test" duration-ms="239" started-at="2017-12-31T18:09:48Z" finished-at="2017-12-31T18:09:48Z">
      <class name="hcl.in.Test002">
        <test-method status="PASS" signature="printdata(java.lang.String, java.lang.String)[pri:0, instance:hcl.in.Test002@5700d6b1]" name="printdata" duration-ms="7" started-at="2017-12-31T13:09:48Z" data-provider="fdata" finished-at="2017-12-31T13:09:48Z">
          <params>
            <param index="0">
              <value>
                <![CDATA[hari1]]>
              </value>
            </param>
            <param index="1">
              <value>
                <![CDATA[pwd1]]>
              </value>
            </param>
          </params>
          <reporter-output>
          </reporter-output>
        </test-method> <!-- printdata -->
        <test-method status="PASS" signature="printdata(java.lang.String, java.lang.String)[pri:0, instance:hcl.in.Test002@5700d6b1]" name="printdata" duration-ms="1" started-at="2017-12-31T13:09:48Z" data-provider="fdata" finished-at="2017-12-31T13:09:48Z">
          <params>
            <param index="0">
              <value>
                <![CDATA[hari2]]>
              </value>
            </param>
            <param index="1">
              <value>
                <![CDATA[pwd2]]>
              </value>
            </param>
          </params>
          <reporter-output>
          </reporter-output>
        </test-method> <!-- printdata -->
        <test-method status="PASS" signature="printdata(java.lang.String, java.lang.String)[pri:0, instance:hcl.in.Test002@5700d6b1]" name="printdata" duration-ms="1" started-at="2017-12-31T13:09:48Z" data-provider="fdata" finished-at="2017-12-31T13:09:48Z">
          <params>
            <param index="0">
              <value>
                <![CDATA[hari3]]>
              </value>
            </param>
            <param index="1">
              <value>
                <![CDATA[pwd3]]>
              </value>
            </param>
          </params>
          <reporter-output>
          </reporter-output>
        </test-method> <!-- printdata -->
        <test-method status="PASS" signature="printdata(java.lang.String, java.lang.String)[pri:0, instance:hcl.in.Test002@5700d6b1]" name="printdata" duration-ms="1" started-at="2017-12-31T13:09:48Z" data-provider="fdata" finished-at="2017-12-31T13:09:48Z">
          <params>
            <param index="0">
              <value>
                <![CDATA[hari4]]>
              </value>
            </param>
            <param index="1">
              <value>
                <![CDATA[pwd4]]>
              </value>
            </param>
          </params>
          <reporter-output>
          </reporter-output>
        </test-method> <!-- printdata -->
        <test-method status="PASS" signature="printdata(java.lang.String, java.lang.String)[pri:0, instance:hcl.in.Test002@5700d6b1]" name="printdata" duration-ms="1" started-at="2017-12-31T13:09:48Z" data-provider="fdata" finished-at="2017-12-31T13:09:48Z">
          <params>
            <param index="0">
              <value>
                <![CDATA[hari5]]>
              </value>
            </param>
            <param index="1">
              <value>
                <![CDATA[pwd5]]>
              </value>
            </param>
          </params>
          <reporter-output>
          </reporter-output>
        </test-method> <!-- printdata -->
      </class> <!-- hcl.in.Test002 -->
    </test> <!-- Default test -->
  </suite> <!-- Default suite -->
</testng-results>
