<?xml version="1.0" encoding="UTF-8"?>
<testng-results skipped="0" failed="0" ignored="0" total="1" passed="1">
  <reporter-output>
  </reporter-output>
  <suite name="Command line suite" duration-ms="10290" started-at="2017-12-28T00:02:47Z" finished-at="2017-12-28T00:02:57Z">
    <groups>
    </groups>
    <test name="Command line test" duration-ms="10290" started-at="2017-12-28T00:02:47Z" finished-at="2017-12-28T00:02:57Z">
      <class name="hcl.in.Test001">
        <test-method status="PASS" signature="init()[pri:0, instance:hcl.in.Test001@67b6d4ae]" name="init" is-config="true" duration-ms="8398" started-at="2017-12-27T19:02:47Z" finished-at="2017-12-27T19:02:55Z">
          <reporter-output>
          </reporter-output>
        </test-method> <!-- init -->
        <test-method status="PASS" signature="hpNavigation()[pri:0, instance:hcl.in.Test001@67b6d4ae]" name="hpNavigation" duration-ms="1768" started-at="2017-12-27T19:02:55Z" finished-at="2017-12-27T19:02:57Z">
          <reporter-output>
          </reporter-output>
        </test-method> <!-- hpNavigation -->
        <test-method status="PASS" signature="browserClose()[pri:0, instance:hcl.in.Test001@67b6d4ae]" name="browserClose" is-config="true" duration-ms="88" started-at="2017-12-27T19:02:57Z" finished-at="2017-12-27T19:02:57Z">
          <reporter-output>
          </reporter-output>
        </test-method> <!-- browserClose -->
      </class> <!-- hcl.in.Test001 -->
    </test> <!-- Command line test -->
  </suite> <!-- Command line suite -->
</testng-results>
