<?xml version="1.0" encoding="UTF-8"?>
<!-- Generated by org.testng.reporters.JUnitXMLReporter -->
<testsuite hostname="Haris-Air" ignored="2" name="CommonTest" tests="1" failures="0" timestamp="28 Dec 2017 03:03:36 GMT" time="0.006" errors="0">
  <testcase name="test2" time="0.001" classname="hcl.in.CommonTest"/>
  <testcase name="test3" time="0.0" classname="hcl.in.CommonTest">
    <ignored/>
  </testcase> <!-- test3 -->
  <testcase name="test1" time="0.0" classname="hcl.in.CommonTest">
    <ignored/>
  </testcase> <!-- test1 -->
</testsuite> <!-- CommonTest -->
